[WARNING STA-0527] unknown path group 'clk_sys'.
Startpoint: _556100_ (rising edge-triggered flip-flop clocked by clk)
Endpoint: _568869_ (rising edge-triggered flip-flop clocked by clk)
Path Group: clk
Path Type: max
Corner: tt

  Delay    Time   Description
---------------------------------------------------------
   0.00    0.00   clock clk (rise edge)
   1.14    1.14   clock network delay (propagated)
   0.00    1.14 ^ _556100_/CLK (sg13g2_dfrbpq_1)
   0.16    1.30 ^ _556100_/Q (sg13g2_dfrbpq_1)
   0.20    1.51 ^ _443081_/X (sg13g2_buf_2)
   0.24    1.75 ^ _443082_/X (sg13g2_buf_2)
   0.37    2.12 ^ fanout9985/X (sg13g2_buf_2)
   0.27    2.39 ^ _443083_/X (sg13g2_buf_2)
   0.25    2.64 ^ fanout9625/X (sg13g2_buf_2)
   0.37    3.01 ^ _443084_/X (sg13g2_buf_2)
   0.51    3.53 ^ fanout7079/X (sg13g2_buf_2)
   0.47    3.99 ^ _443085_/X (sg13g2_buf_2)
   0.67    4.67 ^ fanout4992/X (sg13g2_buf_2)
   0.84    5.50 ^ _443086_/X (sg13g2_buf_2)
   0.42    5.92 ^ fanout3559/X (sg13g2_buf_2)
   0.19    6.11 ^ _443252_/Y (sg13g2_nor2b_2)
   0.20    6.32 v _443526_/Y (sg13g2_nand2_2)
   0.16    6.47 v _447277_/X (sg13g2_buf_2)
   0.14    6.61 v fanout3393/X (sg13g2_buf_2)
   0.21    6.82 v _453626_/X (sg13g2_buf_2)
   0.26    7.08 v fanout3329/X (sg13g2_buf_2)
   0.90    7.98 ^ _454890_/Y (sg13g2_nor3_2)
   0.38    8.36 ^ _454891_/X (sg13g2_buf_2)
   0.22    8.59 ^ fanout2016/X (sg13g2_buf_2)
   0.20    8.79 v _454893_/X (sg13g2_mux2_1)
   0.00    8.79 v _568869_/D (sg13g2_dfrbpq_1)
           8.79   data arrival time

  10.00   10.00   clock clk (rise edge)
   1.13   11.13   clock network delay (propagated)
   0.00   11.13   clock reconvergence pessimism
          11.13 ^ _568869_/CLK (sg13g2_dfrbpq_1)
  -0.12   11.01   library setup time
          11.01   data required time
---------------------------------------------------------
          11.01   data required time
          -8.79   data arrival time
---------------------------------------------------------
           2.22   slack (MET)


